# JRE version: Java(TM) SE Runtime Environment (8.0_221-b11) (build 1.8.0_221-b11)
# Java VM: Java HotSpot(TM) 64-Bit Server VM (25.221-b11 mixed mode windows-amd64 compressed oops)
Heap:
 PSYoungGen      total 119808K, used 13318K [0x00000000e0000000, 0x00000000e9500000, 0x0000000100000000)
  eden space 111104K, 11% used [0x00000000e0000000,0x00000000e0d01a18,0x00000000e6c80000)
  from space 8704K, 0% used [0x00000000e8c80000,0x00000000e8c80000,0x00000000e9500000)
  to   space 12800K, 0% used [0x00000000e7c00000,0x00000000e7c00000,0x00000000e8880000)
 ParOldGen       total 60416K, used 13705K [0x00000000a0000000, 0x00000000a3b00000, 0x00000000e0000000)
  object space 60416K, 22% used [0x00000000a0000000,0x00000000a0d62550,0x00000000a3b00000)
 Metaspace       used 34857K, capacity 35668K, committed 35880K, reserved 1079296K
  class space    used 4875K, capacity 5113K, committed 5248K, reserved 1048576K
GC Heap History (10 events):
Event: 7.425 GC heap before
{Heap before GC invocations=6 (full 1):
 PSYoungGen      total 70656K, used 5100K [0x00000000e0000000, 0x00000000e9900000, 0x0000000100000000)
  eden space 65536K, 0% used [0x00000000e0000000,0x00000000e0000000,0x00000000e4000000)
  from space 5120K, 99% used [0x00000000e4000000,0x00000000e44fb070,0x00000000e4500000)
  to   space 12800K, 0% used [0x00000000e8c80000,0x00000000e8c80000,0x00000000e9900000)
 ParOldGen       total 86016K, used 11428K [0x00000000a0000000, 0x00000000a5400000, 0x00000000e0000000)
  object space 86016K, 13% used [0x00000000a0000000,0x00000000a0b29320,0x00000000a5400000)
 Metaspace       used 20528K, capacity 21166K, committed 21296K, reserved 1067008K
  class space    used 3022K, capacity 3197K, committed 3200K, reserved 1048576K
Event: 7.468 GC heap after
Heap after GC invocations=6 (full 1):
 PSYoungGen      total 70656K, used 0K [0x00000000e0000000, 0x00000000e9900000, 0x0000000100000000)
  eden space 65536K, 0% used [0x00000000e0000000,0x00000000e0000000,0x00000000e4000000)
  from space 5120K, 0% used [0x00000000e4000000,0x00000000e4000000,0x00000000e4500000)
  to   space 12800K, 0% used [0x00000000e8c80000,0x00000000e8c80000,0x00000000e9900000)
 ParOldGen       total 60416K, used 11929K [0x00000000a0000000, 0x00000000a3b00000, 0x00000000e0000000)
  object space 60416K, 19% used [0x00000000a0000000,0x00000000a0ba6670,0x00000000a3b00000)
 Metaspace       used 20528K, capacity 21166K, committed 21296K, reserved 1067008K
  class space    used 3022K, capacity 3197K, committed 3200K, reserved 1048576K
}
Event: 11.233 GC heap before
{Heap before GC invocations=7 (full 1):
 PSYoungGen      total 70656K, used 65536K [0x00000000e0000000, 0x00000000e9900000, 0x0000000100000000)
  eden space 65536K, 100% used [0x00000000e0000000,0x00000000e4000000,0x00000000e4000000)
  from space 5120K, 0% used [0x00000000e4000000,0x00000000e4000000,0x00000000e4500000)
  to   space 12800K, 0% used [0x00000000e8c80000,0x00000000e8c80000,0x00000000e9900000)
 ParOldGen       total 60416K, used 11929K [0x00000000a0000000, 0x00000000a3b00000, 0x00000000e0000000)
  object space 60416K, 19% used [0x00000000a0000000,0x00000000a0ba6670,0x00000000a3b00000)
 Metaspace       used 29166K, capacity 29740K, committed 30080K, reserved 1075200K
  class space    used 4012K, capacity 4195K, committed 4224K, reserved 1048576K
Event: 11.242 GC heap after
Heap after GC invocations=7 (full 1):
 PSYoungGen      total 119808K, used 8326K [0x00000000e0000000, 0x00000000e9500000, 0x0000000100000000)
  eden space 111104K, 0% used [0x00000000e0000000,0x00000000e0000000,0x00000000e6c80000)
  from space 8704K, 95% used [0x00000000e8c80000,0x00000000e94a1948,0x00000000e9500000)
  to   space 12800K, 0% used [0x00000000e7c00000,0x00000000e7c00000,0x00000000e8880000)
 ParOldGen       total 60416K, used 11937K [0x00000000a0000000, 0x00000000a3b00000, 0x00000000e0000000)
  object space 60416K, 19% used [0x00000000a0000000,0x00000000a0ba8670,0x00000000a3b00000)
 Metaspace       used 29166K, capacity 29740K, committed 30080K, reserved 1075200K
  class space    used 4012K, capacity 4195K, committed 4224K, reserved 1048576K
}
Event: 13.374 GC heap before
{Heap before GC invocations=8 (full 1):
 PSYoungGen      total 119808K, used 119430K [0x00000000e0000000, 0x00000000e9500000, 0x0000000100000000)
  eden space 111104K, 100% used [0x00000000e0000000,0x00000000e6c80000,0x00000000e6c80000)
  from space 8704K, 95% used [0x00000000e8c80000,0x00000000e94a1948,0x00000000e9500000)
  to   space 12800K, 0% used [0x00000000e7c00000,0x00000000e7c00000,0x00000000e8880000)
 ParOldGen       total 60416K, used 11937K [0x00000000a0000000, 0x00000000a3b00000, 0x00000000e0000000)
  object space 60416K, 19% used [0x00000000a0000000,0x00000000a0ba8670,0x00000000a3b00000)
 Metaspace       used 34490K, capacity 35250K, committed 35328K, reserved 1079296K
  class space    used 4824K, capacity 5042K, committed 5120K, reserved 1048576K
Event: 13.389 GC heap after
Heap after GC invocations=8 (full 1):
 PSYoungGen      total 123904K, used 11351K [0x00000000e0000000, 0x00000000e9500000, 0x0000000100000000)
  eden space 111104K, 0% used [0x00000000e0000000,0x00000000e0000000,0x00000000e6c80000)
  from space 12800K, 88% used [0x00000000e7c00000,0x00000000e8715f58,0x00000000e8880000)
  to   space 8704K, 0% used [0x00000000e8c80000,0x00000000e8c80000,0x00000000e9500000)
 ParOldGen       total 60416K, used 11945K [0x00000000a0000000, 0x00000000a3b00000, 0x00000000e0000000)
  object space 60416K, 19% used [0x00000000a0000000,0x00000000a0baa670,0x00000000a3b00000)
 Metaspace       used 34490K, capacity 35250K, committed 35328K, reserved 1079296K
  class space    used 4824K, capacity 5042K, committed 5120K, reserved 1048576K
}
Event: 13.454 GC heap before
{Heap before GC invocations=9 (full 1):
 PSYoungGen      total 123904K, used 17987K [0x00000000e0000000, 0x00000000e9500000, 0x0000000100000000)
  eden space 111104K, 5% used [0x00000000e0000000,0x00000000e067ae08,0x00000000e6c80000)
  from space 12800K, 88% used [0x00000000e7c00000,0x00000000e8715f58,0x00000000e8880000)
  to   space 8704K, 0% used [0x00000000e8c80000,0x00000000e8c80000,0x00000000e9500000)
 ParOldGen       total 60416K, used 11945K [0x00000000a0000000, 0x00000000a3b00000, 0x00000000e0000000)
  object space 60416K, 19% used [0x00000000a0000000,0x00000000a0baa670,0x00000000a3b00000)
 Metaspace       used 34654K, capacity 35412K, committed 35496K, reserved 1079296K
  class space    used 4853K, capacity 5085K, committed 5120K, reserved 1048576K
Event: 13.464 GC heap after
Heap after GC invocations=9 (full 1):
 PSYoungGen      total 119808K, used 6737K [0x00000000e0000000, 0x00000000e9500000, 0x0000000100000000)
  eden space 111104K, 0% used [0x00000000e0000000,0x00000000e0000000,0x00000000e6c80000)
  from space 8704K, 77% used [0x00000000e8c80000,0x00000000e93146d8,0x00000000e9500000)
  to   space 12800K, 0% used [0x00000000e7c00000,0x00000000e7c00000,0x00000000e8880000)
 ParOldGen       total 60416K, used 11953K [0x00000000a0000000, 0x00000000a3b00000, 0x00000000e0000000)
  object space 60416K, 19% used [0x00000000a0000000,0x00000000a0bac670,0x00000000a3b00000)
 Metaspace       used 34654K, capacity 35412K, committed 35496K, reserved 1079296K
  class space    used 4853K, capacity 5085K, committed 5120K, reserved 1048576K
}
Event: 13.464 GC heap before
{Heap before GC invocations=10 (full 2):
 PSYoungGen      total 119808K, used 6737K [0x00000000e0000000, 0x00000000e9500000, 0x0000000100000000)
  eden space 111104K, 0% used [0x00000000e0000000,0x00000000e0000000,0x00000000e6c80000)
  from space 8704K, 77% used [0x00000000e8c80000,0x00000000e93146d8,0x00000000e9500000)
  to   space 12800K, 0% used [0x00000000e7c00000,0x00000000e7c00000,0x00000000e8880000)
 ParOldGen       total 60416K, used 11953K [0x00000000a0000000, 0x00000000a3b00000, 0x00000000e0000000)
  object space 60416K, 19% used [0x00000000a0000000,0x00000000a0bac670,0x00000000a3b00000)
 Metaspace       used 34654K, capacity 35412K, committed 35496K, reserved 1079296K
  class space    used 4853K, capacity 5085K, committed 5120K, reserved 1048576K
Event: 13.519 GC heap after
Heap after GC invocations=10 (full 2):
 PSYoungGen      total 119808K, used 0K [0x00000000e0000000, 0x00000000e9500000, 0x0000000100000000)
  eden space 111104K, 0% used [0x00000000e0000000,0x00000000e0000000,0x00000000e6c80000)
  from space 8704K, 0% used [0x00000000e8c80000,0x00000000e8c80000,0x00000000e9500000)
  to   space 12800K, 0% used [0x00000000e7c00000,0x00000000e7c00000,0x00000000e8880000)
 ParOldGen       total 60416K, used 13705K [0x00000000a0000000, 0x00000000a3b00000, 0x00000000e0000000)
  object space 60416K, 22% used [0x00000000a0000000,0x00000000a0d62550,0x00000000a3b00000)
 Metaspace       used 34640K, capacity 35364K, committed 35496K, reserved 1079296K
  class space    used 4849K, capacity 5077K, committed 5120K, reserved 1048576K
}

